10-07-2025 11:27:49 - Test 'combinedPositiveTests' STARTED in thread 24
10-07-2025 11:27:49 - Test 'testExample' STARTED in thread 26
10-07-2025 11:27:49 - Test 'testAvgAgeWithCsvFileSource2' STARTED in thread 25
10-07-2025 11:27:49 - Test 'testMethod1' STARTED in thread 29
10-07-2025 11:27:49 - Test 'testMethod1' PASSED in thread 29
10-07-2025 11:27:49 - Test 'testAvgAgeWithCsvFileSource' FAILED in thread 23
10-07-2025 11:27:49 - Test 'testMaxAgeWithCsvFileSource' FAILED in thread 28
10-07-2025 11:27:49 - Test 'testExample' PASSED in thread 26
10-07-2025 11:27:49 - Test 'testAvgAgeWithCsvFileSource2' PASSED in thread 25
10-07-2025 11:27:49 - Test 'combinedPositiveTests' PASSED in thread 24
10-07-2025 11:27:49 - Test 'testMinAgeWithCsvFileSource' FAILED in thread 28
10-07-2025 11:27:49 - Test 'testMaxAgeWithCsvSource' STARTED in thread 23
10-07-2025 11:27:49 - Test 'testAvgAgeWithCsvFileSource2' STARTED in thread 25
10-07-2025 11:27:49 - Test 'testMinAgeWithCsvSource' STARTED in thread 28
10-07-2025 11:27:49 - Test 'negativeAgeTests' STARTED in thread 27
10-07-2025 11:27:49 - Test 'testMethod2' STARTED in thread 30
10-07-2025 11:27:49 - Test 'negativeFirstNameTests' STARTED in thread 31
10-07-2025 11:27:49 - Test 'negativeLastNameTests' STARTED in thread 24
10-07-2025 11:27:49 - Test 'testMinAgeWithCsvSource' PASSED in thread 28
10-07-2025 11:27:49 - Test 'testAvgAgeWithCsvFileSource2' PASSED in thread 25
10-07-2025 11:27:49 - Test 'testMaxAgeWithCsvSource' PASSED in thread 23
10-07-2025 11:27:49 - Test 'negativeLastNameTests' PASSED in thread 24
10-07-2025 11:27:49 - Test 'testAvgAgeWithCsvFileSource2' STARTED in thread 25
10-07-2025 11:27:49 - Test 'negativeFirstNameTests' PASSED in thread 31
10-07-2025 11:27:49 - Test 'testMethod2' PASSED in thread 30
10-07-2025 11:27:49 - Test 'negativeAgeTests' FAILED in thread 27
10-07-2025 11:27:49 - Test 'testAvgAgeWithCsvFileSource2' PASSED in thread 25
10-07-2025 11:27:49 - Test 'testMaxAgeWithCsvSource' STARTED in thread 23
10-07-2025 11:27:49 - Test 'negativeFirstNameTests' STARTED in thread 31
10-07-2025 11:27:49 - Test 'negativeFirstNameTests' PASSED in thread 31
10-07-2025 11:27:49 - Test 'negativeAgeTests' STARTED in thread 27
10-07-2025 11:27:49 - Test 'negativeFirstNameTests' STARTED in thread 31
10-07-2025 11:27:49 - Test 'testMaxAgeWithCsvSource' PASSED in thread 23
10-07-2025 11:27:49 - Test 'negativeLastNameTests' STARTED in thread 24
10-07-2025 11:27:49 - Test 'testMinAgeWithCsvSource' STARTED in thread 28
10-07-2025 11:27:49 - Test 'negativeFirstNameTests' FAILED in thread 31
10-07-2025 11:27:49 - Test 'testAvgAgeWithCsvFileSource2' STARTED in thread 25
10-07-2025 11:27:49 - Test 'testMaxAgeWithCsvSource' STARTED in thread 23
10-07-2025 11:27:49 - Test 'negativeAgeTests' FAILED in thread 27
10-07-2025 11:27:49 - Test 'testAvgAgeWithCsvFileSource2' PASSED in thread 25
10-07-2025 11:27:49 - Test 'testMinAgeWithCsvSource' PASSED in thread 28
10-07-2025 11:27:49 - Test 'testMaxAgeWithCsvSource' PASSED in thread 23
10-07-2025 11:27:49 - Test 'testMinAgeWithCsvSource' STARTED in thread 28
10-07-2025 11:27:49 - Test 'testWithMethodSource' STARTED in thread 25
10-07-2025 11:27:49 - Test 'negativeLastNameTests' PASSED in thread 24
10-07-2025 11:27:50 - Test 'testMinAgeWithCsvSource' PASSED in thread 28
10-07-2025 11:27:50 - Test 'positiveLastNameTests' STARTED in thread 27
10-07-2025 11:27:50 - Test 'testMaxAgeWithCsvSource' STARTED in thread 23
10-07-2025 11:27:50 - Test 'testWithMethodSource' PASSED in thread 25
10-07-2025 11:27:50 - Test 'negativeLastNameTests' STARTED in thread 24
10-07-2025 11:27:50 - Test 'testMaxAgeWithCsvSource' FAILED in thread 23
10-07-2025 11:27:50 - Test 'testWithValueSource' STARTED in thread 23
10-07-2025 11:27:50 - Test 'testWithValueSource' PASSED in thread 23
10-07-2025 11:27:50 - Test 'testWithValueSource' STARTED in thread 23
10-07-2025 11:27:50 - Test 'testWithValueSource' PASSED in thread 23
10-07-2025 11:27:50 - Test 'testWithValueSource' STARTED in thread 23
10-07-2025 11:27:50 - Test 'testWithValueSource' PASSED in thread 23
10-07-2025 11:27:50 - Test 'negativeLastNameTests' PASSED in thread 24
10-07-2025 11:27:50 - Test 'positiveAgeTests' STARTED in thread 31
10-07-2025 11:27:50 - Test 'testMinAgeWithCsvSource' STARTED in thread 28
10-07-2025 11:27:50 - Test 'testWithValueSource' STARTED in thread 23
10-07-2025 11:27:50 - Test 'testLastNameChange' STARTED in thread 24
10-07-2025 11:27:50 - Test 'positiveAgeTests' PASSED in thread 31
10-07-2025 11:27:50 - Test 'testWithMethodSource' STARTED in thread 25
10-07-2025 11:27:50 - Test 'positiveLastNameTests' PASSED in thread 27
10-07-2025 11:27:50 - Test 'testMinAgeWithCsvSource' FAILED in thread 28
10-07-2025 11:27:50 - Test 'testLastNameChange' PASSED in thread 24
10-07-2025 11:27:50 - Test 'positiveAgeTests' STARTED in thread 31
10-07-2025 11:27:50 - Test 'testWithValueSource' PASSED in thread 23
10-07-2025 11:27:50 - Test 'testSequentialAgeChange' STARTED in thread 24
10-07-2025 11:27:50 - Test 'testWithMethodSource' PASSED in thread 25
10-07-2025 11:27:50 - Test 'positiveLastNameTests' STARTED in thread 27
10-07-2025 11:27:50 - Test 'testWithValueSource' STARTED in thread 23
10-07-2025 11:27:50 - Test 'positiveAgeTests' PASSED in thread 31
10-07-2025 11:27:50 - Test 'testWithMethodSource' STARTED in thread 25
10-07-2025 11:27:50 - Test 'testWithValueSource' PASSED in thread 23
10-07-2025 11:27:50 - Test 'testSequentialAgeChange' PASSED in thread 24
10-07-2025 11:27:50 - Test 'testWithMethodSource' PASSED in thread 25
10-07-2025 11:27:50 - Test 'positiveAgeTests' STARTED in thread 31
10-07-2025 11:27:50 - Test 'positiveLastNameTests' FAILED in thread 27
10-07-2025 11:27:50 - Test 'positiveFirstNameTests' STARTED in thread 24
10-07-2025 11:27:50 - Test 'testWithMethodSource' STARTED in thread 25
10-07-2025 11:27:50 - Test 'positiveLastNameTests' STARTED in thread 27
10-07-2025 11:27:50 - Test 'positiveFirstNameTests' PASSED in thread 24
10-07-2025 11:27:50 - Test 'positiveAgeTests' FAILED in thread 31
10-07-2025 11:27:50 - Test 'testWithMethodSource' PASSED in thread 25
10-07-2025 11:27:50 - Test 'positiveLastNameTests' FAILED in thread 27
10-07-2025 11:27:50 - Test 'testWithMethodSource' STARTED in thread 25
10-07-2025 11:27:50 - Test 'combinedNegativeTests' STARTED in thread 27
10-07-2025 11:27:50 - Test 'testWithMethodSource' PASSED in thread 25
10-07-2025 11:27:50 - Test 'positiveFirstNameTests' STARTED in thread 24
10-07-2025 11:27:50 - Test 'testWithMethodSource' STARTED in thread 25
10-07-2025 11:27:50 - Test 'positiveFirstNameTests' FAILED in thread 24
10-07-2025 11:27:50 - Test 'testWithMethodSource' PASSED in thread 25
10-07-2025 11:27:50 - Test 'testWithMethodSource' STARTED in thread 25
10-07-2025 11:27:50 - Test 'testWithMethodSource' PASSED in thread 25
10-07-2025 11:27:50 - Test 'positiveFirstNameTests' STARTED in thread 24
10-07-2025 11:27:50 - Test 'testWithMethodSource' STARTED in thread 25
10-07-2025 11:27:50 - Test 'positiveFirstNameTests' FAILED in thread 24
10-07-2025 11:27:50 - Test 'testWithMethodSource' PASSED in thread 25
10-07-2025 11:27:50 - Test 'positiveFirstNameTests' STARTED in thread 24
10-07-2025 11:27:50 - Test 'testWithMethodSource' STARTED in thread 25
10-07-2025 11:27:50 - Test 'positiveFirstNameTests' PASSED in thread 24
10-07-2025 11:27:50 - Test 'testWithMethodSource' PASSED in thread 25
10-07-2025 11:27:50 - Test 'testWithMethodSource' STARTED in thread 25
10-07-2025 11:27:50 - Test 'testWithMethodSource' PASSED in thread 25
10-07-2025 11:27:50 - Test 'testWithMethodSource' STARTED in thread 25
10-07-2025 11:27:50 - Test 'testWithMethodSource' PASSED in thread 25
10-07-2025 11:27:50 - Test 'testWithMethodSource' STARTED in thread 25
10-07-2025 11:27:50 - Test 'testWithMethodSource' PASSED in thread 25
10-07-2025 11:27:50 - Test 'testWithMethodSource' STARTED in thread 25
10-07-2025 11:27:50 - Test 'testWithMethodSource' PASSED in thread 25
10-07-2025 11:27:50 - Test 'testWithMethodSource' STARTED in thread 25
10-07-2025 11:27:50 - Test 'testWithMethodSource' PASSED in thread 25
10-07-2025 11:27:50 - Test 'testWithMethodSource' STARTED in thread 25
10-07-2025 11:27:50 - Test 'testWithMethodSource' PASSED in thread 25
10-07-2025 11:27:50 - Test 'testWithMethodSource' STARTED in thread 25
10-07-2025 11:27:50 - Test 'testWithMethodSource' PASSED in thread 25
10-07-2025 11:27:50 - Test 'testWithMethodSource' STARTED in thread 25
10-07-2025 11:27:50 - Test 'testWithMethodSource' PASSED in thread 25
10-07-2025 11:27:50 - Test 'testWithMethodSource' STARTED in thread 25
10-07-2025 11:27:50 - Test 'testWithMethodSource' PASSED in thread 25
10-07-2025 11:27:50 - Test 'testWithMethodSource' STARTED in thread 25
10-07-2025 11:27:50 - Test 'testWithMethodSource' PASSED in thread 25
10-07-2025 11:27:50 - Test 'testWithMethodSource' STARTED in thread 25
10-07-2025 11:27:50 - Test 'testWithMethodSource' PASSED in thread 25
10-07-2025 11:27:50 - Test 'testWithMethodSource' STARTED in thread 25
10-07-2025 11:27:50 - Test 'testWithMethodSource' PASSED in thread 25
10-07-2025 11:27:50 - Test 'testWithMethodSource' STARTED in thread 25
10-07-2025 11:27:50 - Test 'testWithMethodSource' PASSED in thread 25
10-07-2025 11:27:50 - Test 'testWithMethodSource' STARTED in thread 25
10-07-2025 11:27:50 - Test 'testWithMethodSource' PASSED in thread 25
10-07-2025 11:27:50 - Test 'testWithMethodSource' STARTED in thread 25
10-07-2025 11:27:50 - Test 'testWithMethodSource' PASSED in thread 25
10-07-2025 11:27:50 - Test 'testWithMethodSource' STARTED in thread 25
10-07-2025 11:27:50 - Test 'testWithMethodSource' PASSED in thread 25
10-07-2025 11:27:50 - Test 'testWithMethodSource' STARTED in thread 25
10-07-2025 11:27:50 - Test 'testWithMethodSource' PASSED in thread 25
10-07-2025 11:27:50 - Test 'testWithMethodSource' STARTED in thread 25
10-07-2025 11:27:50 - Test 'testWithMethodSource' PASSED in thread 25
10-07-2025 11:27:50 - Test 'testWithMethodSource' STARTED in thread 25
10-07-2025 11:27:50 - Test 'testWithMethodSource' PASSED in thread 25
10-07-2025 11:27:50 - Test 'testWithMethodSource' STARTED in thread 25
10-07-2025 11:27:50 - Test 'testWithMethodSource' PASSED in thread 25
10-07-2025 11:27:50 - Test 'testWithMethodSource' STARTED in thread 25
10-07-2025 11:27:50 - Test 'testWithMethodSource' PASSED in thread 25
10-07-2025 11:27:50 - Test 'testWithMethodSource' STARTED in thread 25
10-07-2025 11:27:50 - Test 'testWithMethodSource' PASSED in thread 25
10-07-2025 11:27:50 - Test 'testWithMethodSource' STARTED in thread 25
10-07-2025 11:27:50 - Test 'testWithMethodSource' PASSED in thread 25
10-07-2025 11:27:50 - Test 'testWithMethodSource' STARTED in thread 25
10-07-2025 11:27:50 - Test 'testWithMethodSource' PASSED in thread 25
10-07-2025 12:44:39 - Test 'testAvgAgeWithCsvFileSource' FAILED in thread 23
10-07-2025 12:44:39 - Test 'testAvgAgeWithCsvFileSource2' STARTED in thread 25
10-07-2025 12:44:39 - Test 'combinedPositiveTests' STARTED in thread 24
10-07-2025 12:44:39 - Test 'testAvgAgeWithCsvFileSource2' PASSED in thread 25
10-07-2025 12:44:39 - Test 'combinedPositiveTests' PASSED in thread 24
10-07-2025 12:44:39 - Test 'testAvgAgeWithCsvFileSource2' STARTED in thread 25
10-07-2025 12:44:39 - Test 'testAvgAgeWithCsvFileSource2' PASSED in thread 25
10-07-2025 12:44:39 - Test 'testAvgAgeWithCsvFileSource2' STARTED in thread 25
10-07-2025 12:44:39 - Test 'testAvgAgeWithCsvFileSource2' PASSED in thread 25
10-07-2025 12:44:39 - Test 'testAvgAgeWithCsvFileSource2' STARTED in thread 25
10-07-2025 12:44:39 - Test 'testExample' STARTED in thread 26
10-07-2025 12:44:39 - Test 'testExample' PASSED in thread 26
10-07-2025 12:44:39 - Test 'testMaxAgeWithCsvSource' STARTED in thread 23
10-07-2025 12:44:39 - Test 'negativeAgeTests' STARTED in thread 27
10-07-2025 12:44:39 - Test 'testMaxAgeWithCsvSource' PASSED in thread 23
10-07-2025 12:44:39 - Test 'testAvgAgeWithCsvFileSource2' PASSED in thread 25
10-07-2025 12:44:39 - Test 'testMaxAgeWithCsvFileSource' FAILED in thread 28
10-07-2025 12:44:39 - Test 'negativeAgeTests' FAILED in thread 27
10-07-2025 12:44:39 - Test 'negativeAgeTests' STARTED in thread 27
10-07-2025 12:44:39 - Test 'negativeAgeTests' FAILED in thread 27
10-07-2025 12:44:39 - Test 'testMaxAgeWithCsvSource' STARTED in thread 23
10-07-2025 12:44:39 - Test 'testMinAgeWithCsvFileSource' FAILED in thread 28
10-07-2025 12:44:39 - Test 'positiveAgeTests' STARTED in thread 24
10-07-2025 12:44:39 - Test 'testMinAgeWithCsvSource' STARTED in thread 25
10-07-2025 12:44:39 - Test 'negativeLastNameTests' STARTED in thread 27
10-07-2025 12:44:39 - Test 'negativeLastNameTests' PASSED in thread 27
10-07-2025 12:44:39 - Test 'positiveAgeTests' PASSED in thread 24
10-07-2025 12:44:39 - Test 'testMinAgeWithCsvSource' PASSED in thread 25
10-07-2025 12:44:39 - Test 'testMethod1' STARTED in thread 29
10-07-2025 12:44:40 - Test 'testWithMethodSource' STARTED in thread 28
10-07-2025 12:44:40 - Test 'negativeLastNameTests' STARTED in thread 27
10-07-2025 12:44:40 - Test 'testMaxAgeWithCsvSource' PASSED in thread 23
10-07-2025 12:44:40 - Test 'testMinAgeWithCsvSource' STARTED in thread 25
10-07-2025 12:44:40 - Test 'testMaxAgeWithCsvSource' STARTED in thread 23
10-07-2025 12:44:40 - Test 'testMaxAgeWithCsvSource' PASSED in thread 23
10-07-2025 12:44:40 - Test 'testMinAgeWithCsvSource' PASSED in thread 25
10-07-2025 12:44:40 - Test 'testMinAgeWithCsvSource' STARTED in thread 25
10-07-2025 12:44:40 - Test 'testMaxAgeWithCsvSource' STARTED in thread 23
10-07-2025 12:44:40 - Test 'negativeLastNameTests' PASSED in thread 27
10-07-2025 12:44:40 - Test 'testMaxAgeWithCsvSource' FAILED in thread 23
10-07-2025 12:44:40 - Test 'testMinAgeWithCsvSource' PASSED in thread 25
10-07-2025 12:44:40 - Test 'testMethod1' PASSED in thread 29
10-07-2025 12:44:40 - Test 'testWithValueSource' STARTED in thread 23
10-07-2025 12:44:40 - Test 'positiveAgeTests' STARTED in thread 24
10-07-2025 12:44:40 - Test 'negativeFirstNameTests' STARTED in thread 30
10-07-2025 12:44:40 - Test 'positiveAgeTests' PASSED in thread 24
10-07-2025 12:44:40 - Test 'positiveAgeTests' STARTED in thread 24
10-07-2025 12:44:40 - Test 'testMinAgeWithCsvSource' STARTED in thread 25
10-07-2025 12:44:40 - Test 'testMinAgeWithCsvSource' FAILED in thread 25
10-07-2025 12:44:40 - Test 'positiveAgeTests' FAILED in thread 24
10-07-2025 12:44:40 - Test 'testWithMethodSource' PASSED in thread 28
10-07-2025 12:44:40 - Test 'negativeLastNameTests' STARTED in thread 27
10-07-2025 12:44:40 - Test 'testWithMethodSource' STARTED in thread 28
10-07-2025 12:44:40 - Test 'testWithMethodSource' PASSED in thread 28
10-07-2025 12:44:40 - Test 'positiveFirstNameTests' STARTED in thread 24
10-07-2025 12:44:40 - Test 'testWithMethodSource' STARTED in thread 28
10-07-2025 12:44:40 - Test 'positiveFirstNameTests' PASSED in thread 24
10-07-2025 12:44:40 - Test 'testWithValueSource' PASSED in thread 23
10-07-2025 12:44:40 - Test 'testWithMethodSource' PASSED in thread 28
10-07-2025 12:44:40 - Test 'testWithValueSource' STARTED in thread 23
10-07-2025 12:44:40 - Test 'testWithMethodSource' STARTED in thread 28
10-07-2025 12:44:40 - Test 'testWithValueSource' PASSED in thread 23
10-07-2025 12:44:40 - Test 'negativeLastNameTests' PASSED in thread 27
10-07-2025 12:44:40 - Test 'positiveFirstNameTests' STARTED in thread 24
10-07-2025 12:44:40 - Test 'negativeFirstNameTests' PASSED in thread 30
10-07-2025 12:44:40 - Test 'positiveLastNameTests' STARTED in thread 27
10-07-2025 12:44:40 - Test 'positiveFirstNameTests' FAILED in thread 24
10-07-2025 12:44:40 - Test 'testMethod2' STARTED in thread 31
10-07-2025 12:44:40 - Test 'testWithMethodSource' PASSED in thread 28
10-07-2025 12:44:40 - Test 'testWithValueSource' STARTED in thread 23
10-07-2025 12:44:40 - Test 'positiveLastNameTests' PASSED in thread 27
10-07-2025 12:44:40 - Test 'positiveFirstNameTests' STARTED in thread 24
10-07-2025 12:44:40 - Test 'positiveLastNameTests' STARTED in thread 27
10-07-2025 12:44:40 - Test 'positiveLastNameTests' FAILED in thread 27
10-07-2025 12:44:40 - Test 'testMethod2' PASSED in thread 31
10-07-2025 12:44:40 - Test 'positiveFirstNameTests' FAILED in thread 24
10-07-2025 12:44:40 - Test 'negativeFirstNameTests' STARTED in thread 30
10-07-2025 12:44:40 - Test 'testWithMethodSource' STARTED in thread 28
10-07-2025 12:44:40 - Test 'testWithValueSource' PASSED in thread 23
10-07-2025 12:44:40 - Test 'positiveLastNameTests' STARTED in thread 27
10-07-2025 12:44:40 - Test 'positiveFirstNameTests' STARTED in thread 24
10-07-2025 12:44:40 - Test 'negativeFirstNameTests' PASSED in thread 30
10-07-2025 12:44:40 - Test 'testWithValueSource' STARTED in thread 23
10-07-2025 12:44:40 - Test 'testWithMethodSource' PASSED in thread 28
10-07-2025 12:44:40 - Test 'positiveLastNameTests' FAILED in thread 27
10-07-2025 12:44:40 - Test 'positiveFirstNameTests' PASSED in thread 24
10-07-2025 12:44:40 - Test 'negativeFirstNameTests' STARTED in thread 30
10-07-2025 12:44:40 - Test 'testLastNameChange' STARTED in thread 27
10-07-2025 12:44:40 - Test 'testSequentialAgeChange' STARTED in thread 24
10-07-2025 12:44:40 - Test 'testSequentialAgeChange' PASSED in thread 24
10-07-2025 12:44:40 - Test 'testLastNameChange' PASSED in thread 27
10-07-2025 12:44:40 - Test 'testWithValueSource' PASSED in thread 23
10-07-2025 12:44:40 - Test 'negativeFirstNameTests' FAILED in thread 30
10-07-2025 12:44:40 - Test 'testWithValueSource' STARTED in thread 23
10-07-2025 12:44:40 - Test 'combinedNegativeTests' STARTED in thread 30
10-07-2025 12:44:40 - Test 'testWithValueSource' PASSED in thread 23
10-07-2025 12:44:40 - Test 'testWithMethodSource' STARTED in thread 28
10-07-2025 12:44:40 - Test 'testWithMethodSource' PASSED in thread 28
10-07-2025 12:44:40 - Test 'testWithMethodSource' STARTED in thread 28
10-07-2025 12:44:40 - Test 'testWithMethodSource' PASSED in thread 28
10-07-2025 12:44:40 - Test 'testWithMethodSource' STARTED in thread 28
10-07-2025 12:44:40 - Test 'testWithMethodSource' PASSED in thread 28
10-07-2025 12:44:40 - Test 'testWithMethodSource' STARTED in thread 28
10-07-2025 12:44:40 - Test 'testWithMethodSource' PASSED in thread 28
10-07-2025 12:44:40 - Test 'testWithMethodSource' STARTED in thread 28
10-07-2025 12:44:40 - Test 'testWithMethodSource' PASSED in thread 28
10-07-2025 12:44:40 - Test 'testWithMethodSource' STARTED in thread 28
10-07-2025 12:44:40 - Test 'testWithMethodSource' PASSED in thread 28
10-07-2025 12:44:40 - Test 'testWithMethodSource' STARTED in thread 28
10-07-2025 12:44:40 - Test 'testWithMethodSource' PASSED in thread 28
10-07-2025 12:44:40 - Test 'testWithMethodSource' STARTED in thread 28
10-07-2025 12:44:40 - Test 'testWithMethodSource' PASSED in thread 28
10-07-2025 12:44:40 - Test 'testWithMethodSource' STARTED in thread 28
10-07-2025 12:44:40 - Test 'testWithMethodSource' PASSED in thread 28
10-07-2025 12:44:40 - Test 'testWithMethodSource' STARTED in thread 28
10-07-2025 12:44:40 - Test 'testWithMethodSource' PASSED in thread 28
10-07-2025 12:44:40 - Test 'testWithMethodSource' STARTED in thread 28
10-07-2025 12:44:40 - Test 'testWithMethodSource' PASSED in thread 28
10-07-2025 12:44:40 - Test 'testWithMethodSource' STARTED in thread 28
10-07-2025 12:44:40 - Test 'testWithMethodSource' PASSED in thread 28
10-07-2025 12:44:40 - Test 'testWithMethodSource' STARTED in thread 28
10-07-2025 12:44:40 - Test 'testWithMethodSource' PASSED in thread 28
10-07-2025 12:44:40 - Test 'testWithMethodSource' STARTED in thread 28
10-07-2025 12:44:40 - Test 'testWithMethodSource' PASSED in thread 28
10-07-2025 12:44:40 - Test 'testWithMethodSource' STARTED in thread 28
10-07-2025 12:44:40 - Test 'testWithMethodSource' PASSED in thread 28
10-07-2025 12:44:40 - Test 'testWithMethodSource' STARTED in thread 28
10-07-2025 12:44:40 - Test 'testWithMethodSource' PASSED in thread 28
10-07-2025 12:44:40 - Test 'testWithMethodSource' STARTED in thread 28
10-07-2025 12:44:40 - Test 'testWithMethodSource' PASSED in thread 28
10-07-2025 12:44:40 - Test 'testWithMethodSource' STARTED in thread 28
10-07-2025 12:44:40 - Test 'testWithMethodSource' PASSED in thread 28
10-07-2025 12:44:40 - Test 'testWithMethodSource' STARTED in thread 28
10-07-2025 12:44:40 - Test 'testWithMethodSource' PASSED in thread 28
10-07-2025 12:44:40 - Test 'testWithMethodSource' STARTED in thread 28
10-07-2025 12:44:40 - Test 'testWithMethodSource' PASSED in thread 28
10-07-2025 12:44:40 - Test 'testWithMethodSource' STARTED in thread 28
10-07-2025 12:44:40 - Test 'testWithMethodSource' PASSED in thread 28
10-07-2025 12:44:40 - Test 'testWithMethodSource' STARTED in thread 28
10-07-2025 12:44:40 - Test 'testWithMethodSource' PASSED in thread 28
10-07-2025 12:44:40 - Test 'testWithMethodSource' STARTED in thread 28
10-07-2025 12:44:40 - Test 'testWithMethodSource' PASSED in thread 28
10-07-2025 12:44:40 - Test 'testWithMethodSource' STARTED in thread 28
10-07-2025 12:44:40 - Test 'testWithMethodSource' PASSED in thread 28
10-07-2025 12:44:40 - Test 'testWithMethodSource' STARTED in thread 28
10-07-2025 12:44:40 - Test 'testWithMethodSource' PASSED in thread 28
10-07-2025 12:44:40 - Test 'testWithMethodSource' STARTED in thread 28
10-07-2025 12:44:40 - Test 'testWithMethodSource' PASSED in thread 28
10-07-2025 12:44:40 - Test 'testWithMethodSource' STARTED in thread 28
10-07-2025 12:44:40 - Test 'testWithMethodSource' PASSED in thread 28
10-07-2025 12:44:40 - Test 'testWithMethodSource' STARTED in thread 28
10-07-2025 12:44:40 - Test 'testWithMethodSource' PASSED in thread 28
